Using pre-set license
Built from '2020.3/staging' branch; Version is '2020.3.10f1 (297d780c91bc) revision 2719096'; Using compiler version '192528614'; Build Type 'Release'
OS: 'Windows 10 Home; OS build 19043.1237; Version 2009; 64bit' Language: 'en' Physical Memory: 16191 MB
BatchMode: 1, IsHumanControllingUs: 0, StartBugReporterOnCrash: 0, Is64bit: 1, IsPro: 0

 COMMAND LINE ARGUMENTS:
C:\Program Files\Unity\Hub\Editor\2020.3.10f1\Editor\Unity.exe
-adb2
-batchMode
-noUpm
-name
AssetImportWorker0
-projectPath
D:/Unity/Projects/IEPROJ-UIUX
-logFile
Logs/AssetImportWorker0.log
-srvPort
52122
Successfully changed project path to: D:/Unity/Projects/IEPROJ-UIUX
D:/Unity/Projects/IEPROJ-UIUX
Using Asset Import Pipeline V2.
Refreshing native plugins compatible for Editor in 41.14 ms, found 2 plugins.
Preloading 0 native plugins for Editor in 0.00 ms.
Initialize engine version: 2020.3.10f1 (297d780c91bc)
[Subsystems] Discovering subsystems at path C:/Program Files/Unity/Hub/Editor/2020.3.10f1/Editor/Data/Resources/UnitySubsystems
[Subsystems] Discovering subsystems at path D:/Unity/Projects/IEPROJ-UIUX/Assets
GfxDevice: creating device client; threaded=0
Direct3D:
    Version:  Direct3D 11.0 [level 11.1]
    Renderer: NVIDIA GeForce GTX 1660 Ti (ID=0x2191)
    Vendor:   
    VRAM:     5991 MB
    Driver:   30.0.14.7168
Initialize mono
Mono path[0] = 'C:/Program Files/Unity/Hub/Editor/2020.3.10f1/Editor/Data/Managed'
Mono path[1] = 'C:/Program Files/Unity/Hub/Editor/2020.3.10f1/Editor/Data/MonoBleedingEdge/lib/mono/unityjit'
Mono config path = 'C:/Program Files/Unity/Hub/Editor/2020.3.10f1/Editor/Data/MonoBleedingEdge/etc'
Using monoOptions --debugger-agent=transport=dt_socket,embedding=1,server=y,suspend=n,address=127.0.0.1:56296
Begin MonoManager ReloadAssembly
Registering precompiled unity dll's ...
Register platform support module: C:/Program Files/Unity/Hub/Editor/2020.3.10f1/Editor/Data/PlaybackEngines/WindowsStandaloneSupport/UnityEditor.WindowsStandalone.Extensions.dll
Registered in 0.002779 seconds.
Native extension for WindowsStandalone target not found
Refreshing native plugins compatible for Editor in 30.95 ms, found 2 plugins.
Preloading 0 native plugins for Editor in 0.00 ms.
Mono: successfully reloaded assembly
- Completed reload, in  2.904 seconds
Platform modules already initialized, skipping
Registering precompiled user dll's ...
Registered in 0.003003 seconds.
Begin MonoManager ReloadAssembly
Native extension for WindowsStandalone target not found
Refreshing native plugins compatible for Editor in 0.38 ms, found 2 plugins.
Preloading 0 native plugins for Editor in 0.00 ms.
Mono: successfully reloaded assembly
- Completed reload, in  1.289 seconds
Platform modules already initialized, skipping
========================================================================
Worker process is ready to serve import requests
Launched and connected shader compiler UnityShaderCompiler.exe after 0.05 seconds
Refreshing native plugins compatible for Editor in 0.36 ms, found 2 plugins.
Preloading 0 native plugins for Editor in 0.00 ms.
Unloading 1390 Unused Serialized files (Serialized files now loaded: 0)
System memory in use before: 64.8 MB.
System memory in use after: 64.8 MB.

Unloading 19 unused Assets to reduce memory usage. Loaded Objects now: 1824.
Total: 2.190200 ms (FindLiveObjects: 0.206100 ms CreateObjectMapping: 0.035900 ms MarkObjects: 1.854900 ms  DeleteObjects: 0.092100 ms)

========================================================================
Received Import Request.
  path: Assets/Art/241756090_388375766182320_4239545059470500885_n.png
  artifactKey: Guid(9e70bfd702926af4b892d45faf9644fe) Importer(815301076,1909f56bfc062723c751e8b465ee728b)
Start importing Assets/Art/241756090_388375766182320_4239545059470500885_n.png using Guid(9e70bfd702926af4b892d45faf9644fe) Importer(815301076,1909f56bfc062723c751e8b465ee728b)  -> (artifact id: '34816e8fb0f5cf0c88158f0b70c4d81b') in 0.169644 seconds
  Import took 0.172771 seconds .

========================================================================
Received Import Request.
  Time since last request: 185.696768 seconds.
  path: Assets/Materials/New Material.mat
  artifactKey: Guid(a5552a63ce51f0b428274c082c65b467) Importer(815301076,1909f56bfc062723c751e8b465ee728b)
Start importing Assets/Materials/New Material.mat using Guid(a5552a63ce51f0b428274c082c65b467) Importer(815301076,1909f56bfc062723c751e8b465ee728b)  -> (artifact id: 'caa75984cff8a30c9c919c2252bac076') in 0.144029 seconds
  Import took 0.147468 seconds .

========================================================================
Received Import Request.
  Time since last request: 6.687185 seconds.
  path: Assets/Script
  artifactKey: Guid(6d4066ae084ba2b46a0da81f3b873ecb) Importer(815301076,1909f56bfc062723c751e8b465ee728b)
Start importing Assets/Script using Guid(6d4066ae084ba2b46a0da81f3b873ecb) Importer(815301076,1909f56bfc062723c751e8b465ee728b)  -> (artifact id: '737f16fd2f1e53716d13d09c0b7d3d6e') in 0.011777 seconds
  Import took 0.014538 seconds .

========================================================================
Received Import Request.
  Time since last request: 0.006418 seconds.
  path: Assets/Script
  artifactKey: Guid(6d4066ae084ba2b46a0da81f3b873ecb) Importer(815301076,1909f56bfc062723c751e8b465ee728b)
Start importing Assets/Script using Guid(6d4066ae084ba2b46a0da81f3b873ecb) Importer(815301076,1909f56bfc062723c751e8b465ee728b)  -> (artifact id: '737f16fd2f1e53716d13d09c0b7d3d6e') in 0.004422 seconds
  Import took 0.007422 seconds .

========================================================================
Received Import Request.
  Time since last request: 4.733063 seconds.
  path: Assets/Script/New Folder
  artifactKey: Guid(4187a5d315db43e4b93bfc05822554cb) Importer(815301076,1909f56bfc062723c751e8b465ee728b)
Start importing Assets/Script/New Folder using Guid(4187a5d315db43e4b93bfc05822554cb) Importer(815301076,1909f56bfc062723c751e8b465ee728b)  -> (artifact id: 'd46ccff539698c6e1d57f7ded0c8eaf2') in 0.010718 seconds
  Import took 0.041335 seconds .

========================================================================
Received Import Request.
  Time since last request: 11.426164 seconds.
  path: Assets/Script/MainMenu.cs
  artifactKey: Guid(4eceb9b2e4e330e489e59505e285638e) Importer(815301076,1909f56bfc062723c751e8b465ee728b)
Start importing Assets/Script/MainMenu.cs using Guid(4eceb9b2e4e330e489e59505e285638e) Importer(815301076,1909f56bfc062723c751e8b465ee728b)  -> (artifact id: 'e1e5e09fb3825b8ff0ab0a8125e76d68') in 0.060043 seconds
  Import took 0.062740 seconds .

========================================================================
Received Import Request.
  Time since last request: 0.121605 seconds.
  path: Assets/Script/MainMenu.cs
  artifactKey: Guid(4eceb9b2e4e330e489e59505e285638e) Importer(815301076,1909f56bfc062723c751e8b465ee728b)
Start importing Assets/Script/MainMenu.cs using Guid(4eceb9b2e4e330e489e59505e285638e) Importer(815301076,1909f56bfc062723c751e8b465ee728b)  -> (artifact id: 'e1e5e09fb3825b8ff0ab0a8125e76d68') in 0.002312 seconds
  Import took 0.005392 seconds .

========================================================================
Received Prepare
Registering precompiled user dll's ...
Registered in 0.003395 seconds.
Begin MonoManager ReloadAssembly
Native extension for WindowsStandalone target not found
Refreshing native plugins compatible for Editor in 0.38 ms, found 2 plugins.
Preloading 0 native plugins for Editor in 0.00 ms.
Mono: successfully reloaded assembly
- Completed reload, in  1.239 seconds
Platform modules already initialized, skipping
Refreshing native plugins compatible for Editor in 0.37 ms, found 2 plugins.
Preloading 0 native plugins for Editor in 0.00 ms.
Unloading 1386 Unused Serialized files (Serialized files now loaded: 0)
System memory in use before: 68.1 MB.
System memory in use after: 68.2 MB.

Unloading 14 unused Assets to reduce memory usage. Loaded Objects now: 1870.
Total: 2.599800 ms (FindLiveObjects: 0.207500 ms CreateObjectMapping: 0.041400 ms MarkObjects: 2.274800 ms  DeleteObjects: 0.074200 ms)

