Using pre-set license
Built from '2020.3/staging' branch; Version is '2020.3.9f1 (108be757e447) revision 1084391'; Using compiler version '192528614'; Build Type 'Release'
OS: 'Windows 10 Home Single Language; OS build 22000.739; Version 2009; 64bit' Language: 'en' Physical Memory: 8099 MB
BatchMode: 1, IsHumanControllingUs: 0, StartBugReporterOnCrash: 0, Is64bit: 1, IsPro: 0

 COMMAND LINE ARGUMENTS:
C:\Program Files\Unity\Hub\Editor\2020.3.9f1\Editor\Unity.exe
-adb2
-batchMode
-noUpm
-name
AssetImportWorker0
-projectPath
C:/Users/Nathan/Documents/GitHub/IEPROJ-UIUX
-logFile
Logs/AssetImportWorker0.log
-srvPort
55279
Successfully changed project path to: C:/Users/Nathan/Documents/GitHub/IEPROJ-UIUX
C:/Users/Nathan/Documents/GitHub/IEPROJ-UIUX
Using Asset Import Pipeline V2.
Refreshing native plugins compatible for Editor in 53.57 ms, found 3 plugins.
Preloading 0 native plugins for Editor in 0.00 ms.
Initialize engine version: 2020.3.9f1 (108be757e447)
[Subsystems] Discovering subsystems at path C:/Program Files/Unity/Hub/Editor/2020.3.9f1/Editor/Data/Resources/UnitySubsystems
[Subsystems] Discovering subsystems at path C:/Users/Nathan/Documents/GitHub/IEPROJ-UIUX/Assets
GfxDevice: creating device client; threaded=0
Direct3D:
    Version:  Direct3D 11.0 [level 11.1]
    Renderer: NVIDIA GeForce GTX 1650 (ID=0x1f99)
    Vendor:   
    VRAM:     3962 MB
    Driver:   30.0.14.7219
Initialize mono
Mono path[0] = 'C:/Program Files/Unity/Hub/Editor/2020.3.9f1/Editor/Data/Managed'
Mono path[1] = 'C:/Program Files/Unity/Hub/Editor/2020.3.9f1/Editor/Data/MonoBleedingEdge/lib/mono/unityjit'
Mono config path = 'C:/Program Files/Unity/Hub/Editor/2020.3.9f1/Editor/Data/MonoBleedingEdge/etc'
Using monoOptions --debugger-agent=transport=dt_socket,embedding=1,server=y,suspend=n,address=127.0.0.1:56024
Begin MonoManager ReloadAssembly
Registering precompiled unity dll's ...
Register platform support module: C:/Program Files/Unity/Hub/Editor/2020.3.9f1/Editor/Data/PlaybackEngines/WindowsStandaloneSupport/UnityEditor.WindowsStandalone.Extensions.dll
Registered in 0.001877 seconds.
Native extension for WindowsStandalone target not found
Refreshing native plugins compatible for Editor in 58.47 ms, found 3 plugins.
Preloading 0 native plugins for Editor in 0.00 ms.
Mono: successfully reloaded assembly
- Completed reload, in  1.918 seconds
Platform modules already initialized, skipping
Registering precompiled user dll's ...
Registered in 0.006807 seconds.
Begin MonoManager ReloadAssembly
Native extension for WindowsStandalone target not found
Refreshing native plugins compatible for Editor in 1.47 ms, found 3 plugins.
Preloading 0 native plugins for Editor in 0.00 ms.
Mono: successfully reloaded assembly
- Completed reload, in  1.137 seconds
Platform modules already initialized, skipping
========================================================================
Worker process is ready to serve import requests
Launched and connected shader compiler UnityShaderCompiler.exe after 0.05 seconds
Refreshing native plugins compatible for Editor in 0.74 ms, found 3 plugins.
Preloading 0 native plugins for Editor in 0.00 ms.
Unloading 1974 Unused Serialized files (Serialized files now loaded: 0)
System memory in use before: 94.7 MB.
System memory in use after: 94.8 MB.

Unloading 24 unused Assets to reduce memory usage. Loaded Objects now: 2414.
Total: 2.761300 ms (FindLiveObjects: 0.286500 ms CreateObjectMapping: 0.098700 ms MarkObjects: 2.302300 ms  DeleteObjects: 0.072100 ms)

========================================================================
Received Import Request.
  path: Assets/Script/GameManager.cs
  artifactKey: Guid(ffe5350bd85e28546aaf7e9b641338da) Importer(815301076,1909f56bfc062723c751e8b465ee728b)
Start importing Assets/Script/GameManager.cs using Guid(ffe5350bd85e28546aaf7e9b641338da) Importer(815301076,1909f56bfc062723c751e8b465ee728b)  -> (artifact id: '2e50c20bdd8f2d2b78251fff2b115adb') in 0.035368 seconds
  Import took 0.040681 seconds .

========================================================================
Received Import Request.
  Time since last request: 14.274717 seconds.
  path: Assets/Script/ParamCube.cs
  artifactKey: Guid(8771fbed66d45e247aa5ffec8acf0f5a) Importer(815301076,1909f56bfc062723c751e8b465ee728b)
Start importing Assets/Script/ParamCube.cs using Guid(8771fbed66d45e247aa5ffec8acf0f5a) Importer(815301076,1909f56bfc062723c751e8b465ee728b)  -> (artifact id: 'c0e180c34189799ef221c4bc794f3db9') in 0.003011 seconds
  Import took 0.010067 seconds .

========================================================================
Received Prepare
Registering precompiled user dll's ...
Registered in 0.014111 seconds.
Begin MonoManager ReloadAssembly
Native extension for WindowsStandalone target not found
Refreshing native plugins compatible for Editor in 0.82 ms, found 3 plugins.
Preloading 0 native plugins for Editor in 0.00 ms.
Mono: successfully reloaded assembly
- Completed reload, in  1.328 seconds
Platform modules already initialized, skipping
Refreshing native plugins compatible for Editor in 0.82 ms, found 3 plugins.
Preloading 0 native plugins for Editor in 0.00 ms.
Unloading 1952 Unused Serialized files (Serialized files now loaded: 0)
System memory in use before: 93.0 MB.
System memory in use after: 93.1 MB.

Unloading 16 unused Assets to reduce memory usage. Loaded Objects now: 2418.
Total: 3.179300 ms (FindLiveObjects: 0.248100 ms CreateObjectMapping: 0.103900 ms MarkObjects: 2.796200 ms  DeleteObjects: 0.029800 ms)

AssetImportWorkerClient::OnTransportError - code=2 error=End of file
